<?xml version="1.0" encoding="UTF-8"?>
<!-- Generated by org.testng.reporters.JUnitXMLReporter -->
<testsuite ignored="0" hostname="DESKTOP-7O6QIK2" failures="2" tests="2" name="Default test(failed)" time="12.114" errors="0" timestamp="2023-04-16T15:45:56 IST">
  <testcase classname="io.cucumber.testng.AbstractTestNGCucumberTests" name="runScenario" time="9.842">
    <failure type="java.lang.NullPointerException" message="Cannot invoke &amp;quot;String.split(String)&amp;quot; because the return value of &amp;quot;java.util.HashMap.get(Object)&amp;quot; is null">
      <![CDATA[java.lang.NullPointerException: Cannot invoke "String.split(String)" because the return value of "java.util.HashMap.get(Object)" is null
at stepDefination.OffersPageStepDefination.check_is_both_products_are_same_or_not(OffersPageStepDefination.java:35)
at ✽.check is both products are same or not(file:///C:/Users/DinnuBunny/Documents/Automation/Cucumber_TestNGRunner/CucumberTestNg/src/test/java/features/searchProduct.feature:8)
]]>
    </failure>
  </testcase> <!-- runScenario -->
  <testcase classname="io.cucumber.testng.AbstractTestNGCucumberTests" name="runScenario" time="10.071">
    <failure type="java.lang.NullPointerException" message="Cannot invoke &amp;quot;String.split(String)&amp;quot; because the return value of &amp;quot;java.util.HashMap.get(Object)&amp;quot; is null">
      <![CDATA[java.lang.NullPointerException: Cannot invoke "String.split(String)" because the return value of "java.util.HashMap.get(Object)" is null
at stepDefination.OffersPageStepDefination.check_is_both_products_are_same_or_not(OffersPageStepDefination.java:35)
at ✽.check is both products are same or not(file:///C:/Users/DinnuBunny/Documents/Automation/Cucumber_TestNGRunner/CucumberTestNg/src/test/java/features/searchProduct.feature:8)
]]>
    </failure>
  </testcase> <!-- runScenario -->
</testsuite> <!-- Default test(failed) -->
