<?xml version="1.0" encoding="UTF-8"?>
<!-- Generated by org.testng.reporters.JUnitReportReporter -->
<testsuite hostname="DESKTOP-7O6QIK2" failures="1" tests="2" name="TestNGTestRunner.TestRunner" time="19.579" errors="0" timestamp="2023-04-16T16:07:50 IST" skipped="0">
  <testcase classname="TestNGTestRunner.TestRunner" name="runScenario" time="9.882"/>
  <system-out/>
  <testcase classname="TestNGTestRunner.TestRunner" name="runScenario" time="9.697">
    <failure message="expected [Beetroot] but found [No data]" type="java.lang.AssertionError">
      <![CDATA[java.lang.AssertionError: expected [Beetroot] but found [No data]
at org.testng.Assert.fail(Assert.java:110)
at org.testng.Assert.failNotEquals(Assert.java:1577)
at org.testng.Assert.assertEqualsImpl(Assert.java:149)
at org.testng.Assert.assertEquals(Assert.java:131)
at org.testng.Assert.assertEquals(Assert.java:655)
at org.testng.Assert.assertEquals(Assert.java:665)
at stepDefination.OffersPageStepDefination.check_is_both_products_are_same_or_not(OffersPageStepDefination.java:35)
at ✽.check is both products are same or not(file:///C:/Users/DinnuBunny/Documents/Automation/Cucumber_TestNGRunner/CucumberTestNg/src/test/java/features/searchProduct.feature:8)
]]>
    </failure>
  </testcase> <!-- runScenario -->
  <system-out/>
</testsuite> <!-- TestNGTestRunner.TestRunner -->
